17:19:26: [INFO] [C:\Users\danie\OneDrive - University of Waterloo\Co-op Grind\autonomy-bootcamp-2025-p2\modules\heartbeat\heartbeat_receiver_worker.py | heartbeat_receiver_worker | 48] Logger initialized
17:19:26: [INFO] [C:\Users\danie\OneDrive - University of Waterloo\Co-op Grind\autonomy-bootcamp-2025-p2\modules\heartbeat\heartbeat_receiver_worker.py | heartbeat_receiver_worker | 63] HeartbeatReceiver created
17:19:26: [INFO] [C:\Users\danie\OneDrive - University of Waterloo\Co-op Grind\autonomy-bootcamp-2025-p2\modules\heartbeat\heartbeat_receiver.py | run | 65] Received heartbeat
17:19:26: [INFO] [C:\Users\danie\OneDrive - University of Waterloo\Co-op Grind\autonomy-bootcamp-2025-p2\modules\heartbeat\heartbeat_receiver_worker.py | heartbeat_receiver_worker | 73] Status: Connected
17:19:27: [INFO] [C:\Users\danie\OneDrive - University of Waterloo\Co-op Grind\autonomy-bootcamp-2025-p2\modules\heartbeat\heartbeat_receiver.py | run | 65] Received heartbeat
17:19:27: [INFO] [C:\Users\danie\OneDrive - University of Waterloo\Co-op Grind\autonomy-bootcamp-2025-p2\modules\heartbeat\heartbeat_receiver_worker.py | heartbeat_receiver_worker | 73] Status: Connected
17:19:28: [WARNING] [C:\Users\danie\OneDrive - University of Waterloo\Co-op Grind\autonomy-bootcamp-2025-p2\modules\heartbeat\heartbeat_receiver.py | run | 69] Missed heartbeat (count: 1)
17:19:28: [INFO] [C:\Users\danie\OneDrive - University of Waterloo\Co-op Grind\autonomy-bootcamp-2025-p2\modules\heartbeat\heartbeat_receiver_worker.py | heartbeat_receiver_worker | 73] Status: Connected
17:19:28: [INFO] [C:\Users\danie\OneDrive - University of Waterloo\Co-op Grind\autonomy-bootcamp-2025-p2\modules\heartbeat\heartbeat_receiver.py | run | 65] Received heartbeat
17:19:28: [INFO] [C:\Users\danie\OneDrive - University of Waterloo\Co-op Grind\autonomy-bootcamp-2025-p2\modules\heartbeat\heartbeat_receiver_worker.py | heartbeat_receiver_worker | 73] Status: Connected
17:19:29: [INFO] [C:\Users\danie\OneDrive - University of Waterloo\Co-op Grind\autonomy-bootcamp-2025-p2\modules\heartbeat\heartbeat_receiver.py | run | 65] Received heartbeat
17:19:29: [INFO] [C:\Users\danie\OneDrive - University of Waterloo\Co-op Grind\autonomy-bootcamp-2025-p2\modules\heartbeat\heartbeat_receiver_worker.py | heartbeat_receiver_worker | 73] Status: Connected
17:19:30: [WARNING] [C:\Users\danie\OneDrive - University of Waterloo\Co-op Grind\autonomy-bootcamp-2025-p2\modules\heartbeat\heartbeat_receiver.py | run | 69] Missed heartbeat (count: 1)
17:19:30: [INFO] [C:\Users\danie\OneDrive - University of Waterloo\Co-op Grind\autonomy-bootcamp-2025-p2\modules\heartbeat\heartbeat_receiver_worker.py | heartbeat_receiver_worker | 73] Status: Connected
17:19:30: [INFO] [C:\Users\danie\OneDrive - University of Waterloo\Co-op Grind\autonomy-bootcamp-2025-p2\modules\heartbeat\heartbeat_receiver.py | run | 65] Received heartbeat
17:19:30: [INFO] [C:\Users\danie\OneDrive - University of Waterloo\Co-op Grind\autonomy-bootcamp-2025-p2\modules\heartbeat\heartbeat_receiver_worker.py | heartbeat_receiver_worker | 73] Status: Connected
17:19:31: [WARNING] [C:\Users\danie\OneDrive - University of Waterloo\Co-op Grind\autonomy-bootcamp-2025-p2\modules\heartbeat\heartbeat_receiver.py | run | 69] Missed heartbeat (count: 1)
17:19:31: [INFO] [C:\Users\danie\OneDrive - University of Waterloo\Co-op Grind\autonomy-bootcamp-2025-p2\modules\heartbeat\heartbeat_receiver_worker.py | heartbeat_receiver_worker | 73] Status: Connected
17:19:32: [WARNING] [C:\Users\danie\OneDrive - University of Waterloo\Co-op Grind\autonomy-bootcamp-2025-p2\modules\heartbeat\heartbeat_receiver.py | run | 69] Missed heartbeat (count: 2)
17:19:32: [INFO] [C:\Users\danie\OneDrive - University of Waterloo\Co-op Grind\autonomy-bootcamp-2025-p2\modules\heartbeat\heartbeat_receiver_worker.py | heartbeat_receiver_worker | 73] Status: Connected
17:19:33: [WARNING] [C:\Users\danie\OneDrive - University of Waterloo\Co-op Grind\autonomy-bootcamp-2025-p2\modules\heartbeat\heartbeat_receiver.py | run | 69] Missed heartbeat (count: 3)
17:19:33: [INFO] [C:\Users\danie\OneDrive - University of Waterloo\Co-op Grind\autonomy-bootcamp-2025-p2\modules\heartbeat\heartbeat_receiver_worker.py | heartbeat_receiver_worker | 73] Status: Connected
17:19:34: [WARNING] [C:\Users\danie\OneDrive - University of Waterloo\Co-op Grind\autonomy-bootcamp-2025-p2\modules\heartbeat\heartbeat_receiver.py | run | 69] Missed heartbeat (count: 4)
17:19:34: [INFO] [C:\Users\danie\OneDrive - University of Waterloo\Co-op Grind\autonomy-bootcamp-2025-p2\modules\heartbeat\heartbeat_receiver_worker.py | heartbeat_receiver_worker | 73] Status: Connected
17:19:35: [WARNING] [C:\Users\danie\OneDrive - University of Waterloo\Co-op Grind\autonomy-bootcamp-2025-p2\modules\heartbeat\heartbeat_receiver.py | run | 69] Missed heartbeat (count: 5)
17:19:35: [ERROR] [C:\Users\danie\OneDrive - University of Waterloo\Co-op Grind\autonomy-bootcamp-2025-p2\modules\heartbeat\heartbeat_receiver.py | run | 73] Connection lost after 5 missed heartbeats
17:19:35: [INFO] [C:\Users\danie\OneDrive - University of Waterloo\Co-op Grind\autonomy-bootcamp-2025-p2\modules\heartbeat\heartbeat_receiver_worker.py | heartbeat_receiver_worker | 73] Status: Disconnected
17:19:36: [WARNING] [C:\Users\danie\OneDrive - University of Waterloo\Co-op Grind\autonomy-bootcamp-2025-p2\modules\heartbeat\heartbeat_receiver.py | run | 69] Missed heartbeat (count: 6)
17:19:36: [ERROR] [C:\Users\danie\OneDrive - University of Waterloo\Co-op Grind\autonomy-bootcamp-2025-p2\modules\heartbeat\heartbeat_receiver.py | run | 73] Connection lost after 6 missed heartbeats
17:19:36: [INFO] [C:\Users\danie\OneDrive - University of Waterloo\Co-op Grind\autonomy-bootcamp-2025-p2\modules\heartbeat\heartbeat_receiver_worker.py | heartbeat_receiver_worker | 73] Status: Disconnected
17:19:37: [WARNING] [C:\Users\danie\OneDrive - University of Waterloo\Co-op Grind\autonomy-bootcamp-2025-p2\modules\heartbeat\heartbeat_receiver.py | run | 69] Missed heartbeat (count: 7)
17:19:37: [ERROR] [C:\Users\danie\OneDrive - University of Waterloo\Co-op Grind\autonomy-bootcamp-2025-p2\modules\heartbeat\heartbeat_receiver.py | run | 73] Connection lost after 7 missed heartbeats
17:19:37: [INFO] [C:\Users\danie\OneDrive - University of Waterloo\Co-op Grind\autonomy-bootcamp-2025-p2\modules\heartbeat\heartbeat_receiver_worker.py | heartbeat_receiver_worker | 73] Status: Disconnected
17:19:38: [WARNING] [C:\Users\danie\OneDrive - University of Waterloo\Co-op Grind\autonomy-bootcamp-2025-p2\modules\heartbeat\heartbeat_receiver.py | run | 69] Missed heartbeat (count: 8)
17:19:38: [ERROR] [C:\Users\danie\OneDrive - University of Waterloo\Co-op Grind\autonomy-bootcamp-2025-p2\modules\heartbeat\heartbeat_receiver.py | run | 73] Connection lost after 8 missed heartbeats
17:19:38: [INFO] [C:\Users\danie\OneDrive - University of Waterloo\Co-op Grind\autonomy-bootcamp-2025-p2\modules\heartbeat\heartbeat_receiver_worker.py | heartbeat_receiver_worker | 73] Status: Disconnected
17:19:39: [INFO] [C:\Users\danie\OneDrive - University of Waterloo\Co-op Grind\autonomy-bootcamp-2025-p2\modules\heartbeat\heartbeat_receiver.py | run | 65] Received heartbeat
17:19:39: [INFO] [C:\Users\danie\OneDrive - University of Waterloo\Co-op Grind\autonomy-bootcamp-2025-p2\modules\heartbeat\heartbeat_receiver_worker.py | heartbeat_receiver_worker | 73] Status: Connected
17:19:40: [WARNING] [C:\Users\danie\OneDrive - University of Waterloo\Co-op Grind\autonomy-bootcamp-2025-p2\modules\heartbeat\heartbeat_receiver.py | run | 69] Missed heartbeat (count: 1)
17:19:40: [INFO] [C:\Users\danie\OneDrive - University of Waterloo\Co-op Grind\autonomy-bootcamp-2025-p2\modules\heartbeat\heartbeat_receiver_worker.py | heartbeat_receiver_worker | 73] Status: Connected
17:19:40: [INFO] [C:\Users\danie\OneDrive - University of Waterloo\Co-op Grind\autonomy-bootcamp-2025-p2\modules\heartbeat\heartbeat_receiver.py | run | 65] Received heartbeat
17:19:40: [INFO] [C:\Users\danie\OneDrive - University of Waterloo\Co-op Grind\autonomy-bootcamp-2025-p2\modules\heartbeat\heartbeat_receiver_worker.py | heartbeat_receiver_worker | 73] Status: Connected
17:19:41: [WARNING] [C:\Users\danie\OneDrive - University of Waterloo\Co-op Grind\autonomy-bootcamp-2025-p2\modules\heartbeat\heartbeat_receiver.py | run | 69] Missed heartbeat (count: 1)
17:19:41: [INFO] [C:\Users\danie\OneDrive - University of Waterloo\Co-op Grind\autonomy-bootcamp-2025-p2\modules\heartbeat\heartbeat_receiver_worker.py | heartbeat_receiver_worker | 73] Status: Connected
17:19:41: [INFO] [C:\Users\danie\OneDrive - University of Waterloo\Co-op Grind\autonomy-bootcamp-2025-p2\modules\heartbeat\heartbeat_receiver.py | run | 65] Received heartbeat
17:19:41: [INFO] [C:\Users\danie\OneDrive - University of Waterloo\Co-op Grind\autonomy-bootcamp-2025-p2\modules\heartbeat\heartbeat_receiver_worker.py | heartbeat_receiver_worker | 73] Status: Connected
17:19:42: [WARNING] [C:\Users\danie\OneDrive - University of Waterloo\Co-op Grind\autonomy-bootcamp-2025-p2\modules\heartbeat\heartbeat_receiver.py | run | 69] Missed heartbeat (count: 1)
17:19:42: [INFO] [C:\Users\danie\OneDrive - University of Waterloo\Co-op Grind\autonomy-bootcamp-2025-p2\modules\heartbeat\heartbeat_receiver_worker.py | heartbeat_receiver_worker | 73] Status: Connected
17:19:42: [INFO] [C:\Users\danie\OneDrive - University of Waterloo\Co-op Grind\autonomy-bootcamp-2025-p2\modules\heartbeat\heartbeat_receiver.py | run | 65] Received heartbeat
17:19:42: [INFO] [C:\Users\danie\OneDrive - University of Waterloo\Co-op Grind\autonomy-bootcamp-2025-p2\modules\heartbeat\heartbeat_receiver_worker.py | heartbeat_receiver_worker | 73] Status: Connected
17:19:43: [INFO] [C:\Users\danie\OneDrive - University of Waterloo\Co-op Grind\autonomy-bootcamp-2025-p2\modules\heartbeat\heartbeat_receiver.py | run | 65] Received heartbeat
17:19:43: [INFO] [C:\Users\danie\OneDrive - University of Waterloo\Co-op Grind\autonomy-bootcamp-2025-p2\modules\heartbeat\heartbeat_receiver_worker.py | heartbeat_receiver_worker | 73] Status: Connected
17:19:44: [WARNING] [C:\Users\danie\OneDrive - University of Waterloo\Co-op Grind\autonomy-bootcamp-2025-p2\modules\heartbeat\heartbeat_receiver.py | run | 69] Missed heartbeat (count: 1)
17:19:44: [INFO] [C:\Users\danie\OneDrive - University of Waterloo\Co-op Grind\autonomy-bootcamp-2025-p2\modules\heartbeat\heartbeat_receiver_worker.py | heartbeat_receiver_worker | 73] Status: Connected
17:19:45: [INFO] [C:\Users\danie\OneDrive - University of Waterloo\Co-op Grind\autonomy-bootcamp-2025-p2\modules\heartbeat\heartbeat_receiver.py | run | 65] Received heartbeat
17:19:45: [INFO] [C:\Users\danie\OneDrive - University of Waterloo\Co-op Grind\autonomy-bootcamp-2025-p2\modules\heartbeat\heartbeat_receiver_worker.py | heartbeat_receiver_worker | 73] Status: Connected
17:19:46: [WARNING] [C:\Users\danie\OneDrive - University of Waterloo\Co-op Grind\autonomy-bootcamp-2025-p2\modules\heartbeat\heartbeat_receiver.py | run | 69] Missed heartbeat (count: 1)
17:19:46: [INFO] [C:\Users\danie\OneDrive - University of Waterloo\Co-op Grind\autonomy-bootcamp-2025-p2\modules\heartbeat\heartbeat_receiver_worker.py | heartbeat_receiver_worker | 73] Status: Connected
17:19:47: [WARNING] [C:\Users\danie\OneDrive - University of Waterloo\Co-op Grind\autonomy-bootcamp-2025-p2\modules\heartbeat\heartbeat_receiver.py | run | 69] Missed heartbeat (count: 2)
17:19:47: [INFO] [C:\Users\danie\OneDrive - University of Waterloo\Co-op Grind\autonomy-bootcamp-2025-p2\modules\heartbeat\heartbeat_receiver_worker.py | heartbeat_receiver_worker | 73] Status: Connected
